<?xml version="1.0" encoding="UTF-8"?>
<!-- Generated by org.testng.reporters.JUnitReportReporter -->
<testsuite hostname="DESKTOP-GLK19J3" name="com.orchard.merchant.merchant_01_Login" tests="4" failures="0" timestamp="15 Dec 2019 15:23:02 GMT" time="3.652" errors="0">
  <testcase name="TC_01_LoginWithEmailCorrect" time="1.848" classname="com.orchard.merchant.merchant_01_Login"/>
  <testcase name="TC_01_LoginWithEmailIncorrect" time="0.000" classname="com.orchard.merchant.merchant_01_Login"/>
  <testcase name="TC_01_LoginWithEmailCorrect" time="1.803" classname="com.orchard.merchant.merchant_01_Login"/>
  <testcase name="TC_01_LoginWithEmailIncorrect" time="0.001" classname="com.orchard.merchant.merchant_01_Login"/>
</testsuite> <!-- com.orchard.merchant.merchant_01_Login -->
