<?xml version="1.0" encoding="UTF-8"?>
<!-- Generated by org.testng.reporters.JUnitReportReporter -->
<testsuite hostname="DESKTOP-GLK19J3" name="com.orchard.merchant.merchant_01_ValidateLoginForm" tests="1" failures="0" timestamp="15 Dec 2019 15:23:02 GMT" time="0.001" errors="0">
  <testcase name="f" time="0.001" classname="com.orchard.merchant.merchant_01_ValidateLoginForm"/>
</testsuite> <!-- com.orchard.merchant.merchant_01_ValidateLoginForm -->
